============================================================
   Tang Dynasty, V5.6.119222
      Copyright (c) 2012-2024 Anlogic Inc.
   Executable = F:/TD/bin/td.exe
   Built at =   17:28:21 May 30 2024
   Run by =     zio
   Run Date =   Tue Nov 12 17:29:29 2024

   Run on =     LAPTOP-0B97IGRR
============================================================
RUN-1002 : start command "open_project DJS130_final.prj"
RUN-1001 : Print Global Property
RUN-1001 : ---------------------------------------------------------------
RUN-1001 :        Parameters        |  Settings  |  Default Values  |  Note  
RUN-1001 : ---------------------------------------------------------------
RUN-1001 :          message         |  standard  |     standard     |        
RUN-1001 :   mixed_pack_place_flow  |     on     |        on        |        
RUN-1001 :        qor_monitor       |    off     |       off        |        
RUN-1001 :        syn_ip_flow       |    off     |       off        |        
RUN-1001 :          thread          |    auto    |       auto       |        
RUN-1001 : ---------------------------------------------------------------
RUN-1001 : Print Design Property
RUN-1001 : --------------------------------------------------------------
RUN-1001 :        Parameters       |  Settings  |  Default Values  |  Note  
RUN-1001 : --------------------------------------------------------------
RUN-1001 :   default_reg_initial   |    auto    |       auto       |        
RUN-1001 :        infer_add        |     on     |        on        |        
RUN-1001 :        infer_fsm        |    off     |       off        |        
RUN-1001 :        infer_mult       |     on     |        on        |        
RUN-1001 :        infer_ram        |     on     |        on        |        
RUN-1001 :        infer_reg        |     on     |        on        |        
RUN-1001 :   infer_reg_init_value  |     on     |        on        |        
RUN-1001 :        infer_rom        |     on     |        on        |        
RUN-1001 :      infer_shifter      |     on     |        on        |        
RUN-1001 : --------------------------------------------------------------
RUN-1001 : Print Rtl Property
RUN-1001 : --------------------------------------------------------------
RUN-1001 :        Parameters       |  Settings  |  Default Values  |  Note  
RUN-1001 : --------------------------------------------------------------
RUN-1001 :       compress_add      |   ripple   |      ripple      |        
RUN-1001 :        elf_sload        |    off     |       off        |        
RUN-1001 :       fix_undriven      |     0      |        0         |        
RUN-1001 :         flatten         |    off     |       off        |        
RUN-1001 :       gate_sharing      |     on     |        on        |        
RUN-1001 :    hdl_warning_level    |   normal   |      normal      |        
RUN-1001 :   impl_internal_tribuf  |     on     |        on        |        
RUN-1001 :      impl_set_reset     |     on     |        on        |        
RUN-1001 :        infer_gsr        |    off     |       off        |        
RUN-1001 :      keep_hierarchy     |    auto    |       auto       |        
RUN-1001 :        max_fanout       |    9999    |       9999       |        
RUN-1001 :      max_oh2bin_len     |     10     |        10        |        
RUN-1001 :       merge_equal       |     on     |        on        |        
RUN-1001 :       merge_equiv       |     on     |        on        |        
RUN-1001 :        merge_mux        |    off     |       off        |        
RUN-1001 :     min_control_set     |     8      |        8         |        
RUN-1001 :      min_ripple_len     |    auto    |       auto       |        
RUN-1001 :       oh2bin_ratio      |    0.08    |       0.08       |        
RUN-1001 :     opt_adder_fanout    |     on     |        on        |        
RUN-1001 :        opt_arith        |     on     |        on        |        
RUN-1001 :       opt_big_gate      |    off     |       off        |        
RUN-1001 :        opt_const        |     on     |        on        |        
RUN-1001 :      opt_const_mult     |     on     |        on        |        
RUN-1001 :       opt_lessthan      |     on     |        on        |        
RUN-1001 :         opt_mux         |    off     |       off        |        
RUN-1001 :         opt_ram         |    high    |       high       |        
RUN-1001 :      rtl_sim_model      |    off     |       off        |        
RUN-1001 :         seq_syn         |     on     |        on        |        
RUN-1001 : --------------------------------------------------------------
HDL-1007 : analyze verilog file ../../al_ip/RAM.v
HDL-1007 : analyze verilog file ../../al_ip/PLL.v
HDL-1007 : undeclared symbol 'open', assumed default net type 'wire' in ../../al_ip/PLL.v(71)
HDL-1007 : analyze verilog file ../../al_ip/PLL0.v
HDL-1007 : undeclared symbol 'open', assumed default net type 'wire' in ../../al_ip/PLL0.v(71)
HDL-1007 : analyze verilog file ../../al_ip/VRAM_2.v
HDL-1007 : analyze verilog file ../../al_ip/VRAM_3.v
HDL-1007 : analyze verilog file ../../al_ip/CRAM.v
HDL-1007 : analyze verilog file ../../DJS130_RTC.v
HDL-5007 WARNING: identifier 't_complete' is used before its declaration in ../../DJS130_RTC.v(45)
HDL-5007 WARNING: identifier 't_complete' is used before its declaration in ../../DJS130_RTC.v(46)
HDL-1007 : analyze verilog file ../../DJS130_logisim/CCQ.v
HDL-1007 : analyze verilog file ../../DJS130_logisim/KT.v
HDL-1007 : analyze verilog file ../../DJS130_logisim/MCQ.v
HDL-5007 WARNING: identifier 'r_Csx1' is used before its declaration in ../../DJS130_logisim/MCQ.v(19)
HDL-5007 WARNING: identifier 'r_Csx2' is used before its declaration in ../../DJS130_logisim/MCQ.v(20)
HDL-5007 WARNING: identifier 'r_Csx3' is used before its declaration in ../../DJS130_logisim/MCQ.v(21)
HDL-5007 WARNING: identifier 'r_Csx4' is used before its declaration in ../../DJS130_logisim/MCQ.v(22)
HDL-5007 WARNING: identifier 'r_Csx5' is used before its declaration in ../../DJS130_logisim/MCQ.v(23)
HDL-5007 WARNING: identifier 'W1' is used before its declaration in ../../DJS130_logisim/MCQ.v(24)
HDL-5007 WARNING: identifier 'r_Cw' is used before its declaration in ../../DJS130_logisim/MCQ.v(25)
HDL-5007 WARNING: identifier 'r_YCZT' is used before its declaration in ../../DJS130_logisim/MCQ.v(35)
HDL-1007 : analyze verilog file ../../DJS130_logisim/NC.v
HDL-1007 : analyze verilog file ../../DJS130_logisim/RAM.v
HDL-7007 CRITICAL-WARNING: overwrite current module 'RAM' in ../../DJS130_logisim/RAM.v(1)
HDL-7007 CRITICAL-WARNING: previous definition of design element 'RAM' is here in ../../al_ip/RAM.v(14)
HDL-1007 : analyze verilog file ../../DJS130_logisim/RC.v
HDL-5007 WARNING: identifier 'r_ZDQQ' is used before its declaration in ../../DJS130_logisim/RC.v(332)
HDL-1007 : analyze verilog file ../../DJS130_logisim/YSQ.v
HDL-5007 WARNING: identifier 'r_JG' is used before its declaration in ../../DJS130_logisim/YSQ.v(45)
HDL-5007 WARNING: identifier 'r_JG' is used before its declaration in ../../DJS130_logisim/YSQ.v(46)
HDL-5007 WARNING: identifier 'r_L0' is used before its declaration in ../../DJS130_logisim/YSQ.v(51)
HDL-5007 WARNING: identifier 'r_L1' is used before its declaration in ../../DJS130_logisim/YSQ.v(53)
HDL-5007 WARNING: identifier 'r_L2' is used before its declaration in ../../DJS130_logisim/YSQ.v(55)
HDL-5007 WARNING: identifier 'r_L3' is used before its declaration in ../../DJS130_logisim/YSQ.v(57)
HDL-5007 WARNING: identifier 'r_Cj' is used before its declaration in ../../DJS130_logisim/YSQ.v(59)
HDL-1007 : analyze verilog file ../../DJS130_logisim/YXZT.v
HDL-5007 WARNING: identifier 'r_Jsz' is used before its declaration in ../../DJS130_logisim/YXZT.v(47)
HDL-5007 WARNING: identifier 'r_Jz' is used before its declaration in ../../DJS130_logisim/YXZT.v(48)
HDL-5007 WARNING: identifier 'r_Jcx' is used before its declaration in ../../DJS130_logisim/YXZT.v(49)
HDL-5007 WARNING: identifier 'r_Jd' is used before its declaration in ../../DJS130_logisim/YXZT.v(50)
HDL-5007 WARNING: identifier 'r_YX' is used before its declaration in ../../DJS130_logisim/YXZT.v(51)
HDL-5007 WARNING: identifier 'r_QZZT' is used before its declaration in ../../DJS130_logisim/YXZT.v(52)
HDL-5007 WARNING: identifier 'r_JZZT' is used before its declaration in ../../DJS130_logisim/YXZT.v(53)
HDL-5007 WARNING: identifier 'r_ZXZT' is used before its declaration in ../../DJS130_logisim/YXZT.v(54)
HDL-5007 WARNING: identifier 'r_ZDZT' is used before its declaration in ../../DJS130_logisim/YXZT.v(55)
HDL-5007 WARNING: identifier 'r_STDZT' is used before its declaration in ../../DJS130_logisim/YXZT.v(56)
HDL-5007 Similar messages will be suppressed.
HDL-1007 : analyze verilog file ../../DJS130_logisim/ZZB.v
HDL-1007 : undeclared symbol 'Z0DZL', assumed default net type 'wire' in ../../DJS130_logisim/ZZB.v(177)
HDL-1007 : undeclared symbol 'Z0LS', assumed default net type 'wire' in ../../DJS130_logisim/ZZB.v(178)
HDL-1007 : undeclared symbol 'Z0TBtj', assumed default net type 'wire' in ../../DJS130_logisim/ZZB.v(179)
HDL-1007 : undeclared symbol 'Z0DP', assumed default net type 'wire' in ../../DJS130_logisim/ZZB.v(180)
HDL-1007 : undeclared symbol 'Z0DZQ', assumed default net type 'wire' in ../../DJS130_logisim/ZZB.v(181)
HDL-1007 : undeclared symbol 'Z0NC', assumed default net type 'wire' in ../../DJS130_logisim/ZZB.v(212)
HDL-1007 : undeclared symbol 'Z0Jcx', assumed default net type 'wire' in ../../DJS130_logisim/ZZB.v(213)
HDL-1007 : undeclared symbol 'Z0Jsz', assumed default net type 'wire' in ../../DJS130_logisim/ZZB.v(214)
HDL-1007 : undeclared symbol 't_1_YCZT', assumed default net type 'wire' in ../../DJS130_logisim/ZZB.v(215)
HDL-1007 : undeclared symbol 'MXcx', assumed default net type 'wire' in ../../DJS130_logisim/ZZB.v(216)
HDL-1007 : undeclared symbol 'ZZ0RC', assumed default net type 'wire' in ../../DJS130_logisim/ZZB.v(217)
HDL-1007 : undeclared symbol 'Z0Jz', assumed default net type 'wire' in ../../DJS130_logisim/ZZB.v(218)
HDL-1007 : undeclared symbol 'DRYX', assumed default net type 'wire' in ../../DJS130_logisim/ZZB.v(219)
HDL-1007 : undeclared symbol 'Z0Jd', assumed default net type 'wire' in ../../DJS130_logisim/ZZB.v(222)
HDL-1007 : undeclared symbol 't_1_YX', assumed default net type 'wire' in ../../DJS130_logisim/ZZB.v(223)
HDL-1007 : undeclared symbol 'DZL_TJ', assumed default net type 'wire' in ../../DJS130_logisim/ZZB.v(232)
HDL-1007 : undeclared symbol 'Z0YX', assumed default net type 'wire' in ../../DJS130_logisim/ZZB.v(233)
HDL-1007 : undeclared symbol 't_1_QSTDD', assumed default net type 'wire' in ../../DJS130_logisim/ZZB.v(260)
HDL-1007 : undeclared symbol 'DRQSTDD', assumed default net type 'wire' in ../../DJS130_logisim/ZZB.v(261)
HDL-1007 : undeclared symbol 'Z0QSTDD', assumed default net type 'wire' in ../../DJS130_logisim/ZZB.v(262)
HDL-7007 CRITICAL-WARNING: 'Z0Jsz' is already implicitly declared on line 214 in ../../DJS130_logisim/ZZB.v(266)
HDL-7007 CRITICAL-WARNING: 'Z0Jz' is already implicitly declared on line 218 in ../../DJS130_logisim/ZZB.v(267)
HDL-7007 CRITICAL-WARNING: 'Z0Jcx' is already implicitly declared on line 213 in ../../DJS130_logisim/ZZB.v(268)
HDL-7007 CRITICAL-WARNING: 'Z0Jd' is already implicitly declared on line 222 in ../../DJS130_logisim/ZZB.v(269)
HDL-7007 CRITICAL-WARNING: 'Z0YX' is already implicitly declared on line 233 in ../../DJS130_logisim/ZZB.v(270)
HDL-7007 CRITICAL-WARNING: 'DRYX' is already implicitly declared on line 219 in ../../DJS130_logisim/ZZB.v(275)
HDL-7007 CRITICAL-WARNING: 't_1_YX' is already implicitly declared on line 223 in ../../DJS130_logisim/ZZB.v(290)
HDL-7007 CRITICAL-WARNING: 't_1_YCZT' is already implicitly declared on line 215 in ../../DJS130_logisim/ZZB.v(308)
HDL-7007 CRITICAL-WARNING: 'Z0NC' is already implicitly declared on line 212 in ../../DJS130_logisim/ZZB.v(330)
HDL-7007 CRITICAL-WARNING: 'Z0TBtj' is already implicitly declared on line 179 in ../../DJS130_logisim/ZZB.v(344)
HDL-7007 Similar messages will be suppressed.
HDL-5007 WARNING: identifier 'KTZT' is used before its declaration in ../../DJS130_logisim/ZZB.v(177)
HDL-5007 WARNING: identifier 'KTCZZT' is used before its declaration in ../../DJS130_logisim/ZZB.v(177)
HDL-5007 WARNING: identifier 'YX' is used before its declaration in ../../DJS130_logisim/ZZB.v(177)
HDL-5007 WARNING: identifier 'KTZT' is used before its declaration in ../../DJS130_logisim/ZZB.v(178)
HDL-5007 WARNING: identifier 'KTCZZT' is used before its declaration in ../../DJS130_logisim/ZZB.v(178)
HDL-5007 WARNING: identifier 'YX' is used before its declaration in ../../DJS130_logisim/ZZB.v(178)
HDL-5007 WARNING: identifier 'YX' is used before its declaration in ../../DJS130_logisim/ZZB.v(179)
HDL-5007 WARNING: identifier 'm_x' is used before its declaration in ../../DJS130_logisim/ZZB.v(211)
HDL-5007 WARNING: identifier 'm' is used before its declaration in ../../DJS130_logisim/ZZB.v(219)
HDL-5007 WARNING: identifier 't_1_YX' is used before its declaration in ../../DJS130_logisim/ZZB.v(219)
HDL-5007 Similar messages will be suppressed.
HDL-1007 : analyze verilog file ../../DJS130_logisim/shift_left_reg16.v
HDL-1007 : analyze verilog file ../../DJS130_logisim/shift_reg_reg32.v
HDL-1007 : analyze verilog file ../../DJS130_top.v
HDL-1007 : undeclared symbol 'o_dev14_ZDQQ', assumed default net type 'wire' in ../../DJS130_top.v(205)
HDL-1007 : undeclared symbol 'o_dev13_DMs', assumed default net type 'wire' in ../../DJS130_top.v(213)
HDL-1007 : undeclared symbol 'o_dev13_ZDQQ', assumed default net type 'wire' in ../../DJS130_top.v(214)
HDL-1007 : undeclared symbol 'o_dev13_ZT', assumed default net type 'wire' in ../../DJS130_top.v(215)
HDL-1007 : analyze verilog file ../../SPI_flash/SPI_flash.v
HDL-1007 : analyze verilog file ../../SPI_flash/flash_dri.v
HDL-1007 : analyze verilog file ../../SPI_flash/flash_erase.v
HDL-1007 : analyze verilog file ../../SPI_flash/flash_fast_read.v
HDL-1007 : analyze verilog file ../../SPI_flash/flash_id.v
HDL-1007 : analyze verilog file ../../SPI_flash/flash_read.v
HDL-1007 : analyze verilog file ../../SPI_flash/flash_sector_erase.v
HDL-1007 : analyze verilog file ../../SPI_flash/flash_wait_free.v
HDL-1007 : analyze verilog file ../../SPI_flash/flash_write.v
HDL-1007 : analyze verilog file ../../SPI_flash/flash_write_enable.v
HDL-1007 : analyze verilog file ../../TTO/DJS130_TTO.v
HDL-1007 : analyze verilog file ../../TTO/DJS130_gdu.v
HDL-1007 : undeclared symbol 'clk_204m', assumed default net type 'wire' in ../../TTO/DJS130_gdu.v(41)
HDL-1007 : analyze verilog file ../../TTO/SPI_read.v
HDL-1007 : analyze verilog file ../../TTO/TTO_TOP.v
HDL-1007 : undeclared symbol 't_result', assumed default net type 'wire' in ../../TTO/TTO_TOP.v(47)
HDL-1007 : analyze verilog file ../../TTI/DJS130_TTI.v
HDL-1007 : analyze verilog file ../../TTI/TTI_TOP.v
HDL-1007 : analyze verilog file ../../DJS130_DKP.v
HDL-5007 WARNING: assignment to input 'i_cram_rdata' in ../../DJS130_DKP.v(164)
HDL-1007 : analyze verilog file ../../ROM.v
HDL-1007 : analyze verilog file ../../TTO/tinygdu.v
RUN-1001 : Project manager successfully analyzed 38 source files.
RUN-1002 : start command "import_device eagle_s20.db -package EG4S20BG256"
ARC-1001 : Device Initialization.
ARC-1001 : ------------------------------------------------------------------
ARC-1001 :            OPTION            |          IO          |   SETTING   
ARC-1001 : ------------------------------------------------------------------
ARC-1001 :   cso_b/cclk/mosi/miso/dout  |  T3/R11/T10/P10/S11  |    gpio    
ARC-1001 :             done             |         P13          |    gpio    
ARC-1001 :           program_b          |          T2          |  dedicate  
ARC-1001 :        tdi/tms/tck/tdo       |   C12/A15/C14/E14    |  dedicate  
ARC-1001 : ------------------------------------------------------------------
ARC-1004 : Device setting, marked 5 dedicate IOs in total.
RUN-1002 : start command "import_db DJS130_final_elaborate.db"
RUN-1001 : Importing database generated by Tang Dynasty, V5.6.119222.
RUN-1001 : Database version number 46146.
RUN-1001 : Import flow parameters
RUN-1001 : Import IO constraints
RUN-1001 : Import Inst constraints
RUN-1001 : Import design success TD_VERSION=5.6.119222 , DB_VERSION=46146
RUN-1002 : start command "optimize_rtl"
RUN-1001 : Open license file F:/TD/license/Anlogic.lic
RUN-1001 : Print Global Property
RUN-1001 : ---------------------------------------------------------------
RUN-1001 :        Parameters        |  Settings  |  Default Values  |  Note  
RUN-1001 : ---------------------------------------------------------------
RUN-1001 :          message         |  standard  |     standard     |        
RUN-1001 :   mixed_pack_place_flow  |     on     |        on        |        
RUN-1001 :        qor_monitor       |    off     |       off        |        
RUN-1001 :        syn_ip_flow       |    off     |       off        |        
RUN-1001 :          thread          |    auto    |       auto       |        
RUN-1001 : ---------------------------------------------------------------
RUN-1001 : Print Rtl Property
RUN-1001 : --------------------------------------------------------------
RUN-1001 :        Parameters       |  Settings  |  Default Values  |  Note  
RUN-1001 : --------------------------------------------------------------
RUN-1001 :       compress_add      |   ripple   |      ripple      |        
RUN-1001 :        elf_sload        |    off     |       off        |        
RUN-1001 :       fix_undriven      |     0      |        0         |        
RUN-1001 :         flatten         |    off     |       off        |        
RUN-1001 :       gate_sharing      |     on     |        on        |        
RUN-1001 :    hdl_warning_level    |   normal   |      normal      |        
RUN-1001 :   impl_internal_tribuf  |     on     |        on        |        
RUN-1001 :      impl_set_reset     |     on     |        on        |        
RUN-1001 :        infer_gsr        |    off     |       off        |        
RUN-1001 :      keep_hierarchy     |    auto    |       auto       |        
RUN-1001 :        max_fanout       |    9999    |       9999       |        
RUN-1001 :      max_oh2bin_len     |     10     |        10        |        
RUN-1001 :       merge_equal       |     on     |        on        |        
RUN-1001 :       merge_equiv       |     on     |        on        |        
RUN-1001 :        merge_mux        |    off     |       off        |        
RUN-1001 :     min_control_set     |     8      |        8         |        
RUN-1001 :      min_ripple_len     |    auto    |       auto       |        
RUN-1001 :       oh2bin_ratio      |    0.08    |       0.08       |        
RUN-1001 :     opt_adder_fanout    |     on     |        on        |        
RUN-1001 :        opt_arith        |     on     |        on        |        
RUN-1001 :       opt_big_gate      |    off     |       off        |        
RUN-1001 :        opt_const        |     on     |        on        |        
RUN-1001 :      opt_const_mult     |     on     |        on        |        
RUN-1001 :       opt_lessthan      |     on     |        on        |        
RUN-1001 :         opt_mux         |    off     |       off        |        
RUN-1001 :         opt_ram         |    high    |       high       |        
RUN-1001 :      rtl_sim_model      |    off     |       off        |        
RUN-1001 :         seq_syn         |     on     |        on        |        
RUN-1001 : --------------------------------------------------------------
SYN-1012 : SanityCheck: Model "DJS130_top"
SYN-1012 : SanityCheck: Model "CRAM"
SYN-1012 : SanityCheck: Model "DJS130_DKP"
SYN-1012 : SanityCheck: Model "SPI_flash"
SYN-1012 : SanityCheck: Model "flash_dri"
SYN-1012 : SanityCheck: Model "flash_erase"
SYN-1012 : SanityCheck: Model "flash_fast_read"
SYN-1012 : SanityCheck: Model "flash_id"
SYN-1012 : SanityCheck: Model "flash_read"
SYN-1012 : SanityCheck: Model "flash_sector_erase"
SYN-1012 : SanityCheck: Model "flash_wait_free"
SYN-1012 : SanityCheck: Model "flash_write"
SYN-1012 : SanityCheck: Model "flash_write_enable"
SYN-1012 : SanityCheck: Model "DJS130_RTC"
SYN-1012 : SanityCheck: Model "PLL"
SYN-1012 : SanityCheck: Model "ROM"
SYN-1012 : SanityCheck: Model "TTI_TOP"
SYN-1012 : SanityCheck: Model "DJS130_TTI"
SYN-1012 : SanityCheck: Model "TTO_TOP"
SYN-1012 : SanityCheck: Model "DJS130_gdu"
SYN-1012 : SanityCheck: Model "DJS130_TTO"
SYN-1012 : SanityCheck: Model "VRAM_2"
SYN-1012 : SanityCheck: Model "PLL0"
SYN-1012 : SanityCheck: Model "VRAM_3"
SYN-1012 : SanityCheck: Model "tinygdu"
SYN-1012 : SanityCheck: Model "SPI_read"
SYN-1012 : SanityCheck: Model "ZZB"
SYN-1012 : SanityCheck: Model "KT"
SYN-1012 : SanityCheck: Model "MCQ"
SYN-1012 : SanityCheck: Model "NC"
SYN-1012 : SanityCheck: Model "RC"
SYN-1012 : SanityCheck: Model "YSQ"
SYN-1012 : SanityCheck: Model "CCQ"
SYN-1012 : SanityCheck: Model "shift_right_reg32"
SYN-1012 : SanityCheck: Model "shift_left_reg16"
SYN-1012 : SanityCheck: Model "YXZT"
SYN-1043 : Mark PLL0 as IO macro for instance bufg_feedback
SYN-1043 : Mark DJS130_gdu as IO macro for instance u_PLL0
SYN-1043 : Mark TTO_TOP as IO macro for instance u_DJS130_gdu
SYN-1043 : Mark PLL as IO macro for instance bufg_feedback
SYN-1011 : Flatten model DJS130_top
SYN-5074 CRITICAL-WARNING: Dangling multi-driven net "u_PLL/open" with first driver pin "u_PLL/pll_inst.clkc[4]" in ../../al_ip/PLL.v(71)
SYN-5074 CRITICAL-WARNING: Dangling multi-driven net "u_PLL/open" with other driver pin "u_PLL/pll_inst.clkc[3]" in ../../al_ip/PLL.v(71)
SYN-5074 CRITICAL-WARNING: Dangling multi-driven net "u_PLL/open" with other driver pin "u_PLL/pll_inst.clkc[2]" in ../../al_ip/PLL.v(71)
SYN-5074 CRITICAL-WARNING: Dangling multi-driven net "u_PLL/open" with other driver pin "u_PLL/pll_inst.clkc[1]" in ../../al_ip/PLL.v(71)
SYN-5074 CRITICAL-WARNING: Dangling multi-driven net "u_PLL/open" with other driver pin "u_PLL/pll_inst.do[7]" in ../../al_ip/PLL.v(71)
SYN-5074 CRITICAL-WARNING: Dangling multi-driven net "u_PLL/open" with other driver pin "u_PLL/pll_inst.do[6]" in ../../al_ip/PLL.v(71)
SYN-5074 CRITICAL-WARNING: Dangling multi-driven net "u_PLL/open" with other driver pin "u_PLL/pll_inst.do[5]" in ../../al_ip/PLL.v(71)
SYN-5074 CRITICAL-WARNING: Dangling multi-driven net "u_PLL/open" with other driver pin "u_PLL/pll_inst.do[4]" in ../../al_ip/PLL.v(71)
SYN-5074 CRITICAL-WARNING: Dangling multi-driven net "u_PLL/open" with other driver pin "u_PLL/pll_inst.do[3]" in ../../al_ip/PLL.v(71)
SYN-5074 CRITICAL-WARNING: Dangling multi-driven net "u_PLL/open" with other driver pin "u_PLL/pll_inst.do[2]" in ../../al_ip/PLL.v(71)
SYN-5074 Similar messages will be suppressed.
SYN-5066 WARNING: Disconnect the driver 'u_DJS130_DKP/i_cram_rdata_i7' of the multi-driven net 'i_cram_rdata[7]'
SYN-5066 WARNING: Disconnect the driver 'u_DJS130_DKP/i_cram_rdata_i6' of the multi-driven net 'i_cram_rdata[6]'
SYN-5066 WARNING: Disconnect the driver 'u_DJS130_DKP/i_cram_rdata_i5' of the multi-driven net 'i_cram_rdata[5]'
SYN-5066 WARNING: Disconnect the driver 'u_DJS130_DKP/i_cram_rdata_i4' of the multi-driven net 'i_cram_rdata[4]'
SYN-5066 WARNING: Disconnect the driver 'u_DJS130_DKP/i_cram_rdata_i3' of the multi-driven net 'i_cram_rdata[3]'
SYN-5066 WARNING: Disconnect the driver 'u_DJS130_DKP/i_cram_rdata_i2' of the multi-driven net 'i_cram_rdata[2]'
SYN-5066 WARNING: Disconnect the driver 'u_DJS130_DKP/i_cram_rdata_i1' of the multi-driven net 'i_cram_rdata[1]'
SYN-5066 WARNING: Disconnect the driver 'u_DJS130_DKP/i_cram_rdata_i' of the multi-driven net 'i_cram_rdata[0]'
SYN-1032 : 7154/1330 useful/useless nets, 4298/814 useful/useless insts
SYN-1016 : Merged 375 instances.
SYN-1032 : 4838/312 useful/useless nets, 2246/38 useful/useless insts
SYN-1016 : Merged 127 instances.
SYN-5011 WARNING: Undriven pin: model "DJS130_top" / inst "u_DJS130_DKP/reg0_syn_17" in ../../DJS130_DKP.v(178) / pin "d"
SYN-5013 WARNING: Undriven net: model "DJS130_top" / net "u_DJS130_DKP/t_cache_rdata[0]" in ../../DJS130_DKP.v(156)
SYN-5014 WARNING: the net's pin: pin "i27" in ../../DJS130_DKP.v(223)
SYN-5013 WARNING: Undriven net: model "DJS130_top" / net "u_DJS130_DKP/r_STDCCF" in ../../DJS130_DKP.v(122)
SYN-5014 WARNING: the net's pin: pin "i38" in ../../DJS130_DKP.v(223)
SYN-5014 WARNING: the net's pin: pin "sel" in ../../DJS130_DKP.v(459)
SYN-5014 WARNING: the net's pin: pin "sel" in ../../DJS130_DKP.v(459)
SYN-5014 WARNING: the net's pin: pin "sel" in ../../DJS130_DKP.v(459)
SYN-5014 WARNING: the net's pin: pin "sel" in ../../DJS130_DKP.v(459)
SYN-5014 WARNING: the net's pin: pin "sel" in ../../DJS130_DKP.v(459)
SYN-5014 WARNING: the net's pin: pin "sel" in ../../DJS130_DKP.v(459)
SYN-5014 WARNING: the net's pin: pin "sel" in ../../DJS130_DKP.v(459)
SYN-5014 WARNING: the net's pin: pin "sel" in ../../DJS130_DKP.v(459)
SYN-5014 WARNING: the net's pin: pin "sel" in ../../DJS130_DKP.v(459)
SYN-5014 Similar messages will be suppressed.
SYN-5013 WARNING: Undriven net: model "DJS130_top" / net "u_DJS130_DKP/r_STDRCF" in ../../DJS130_DKP.v(121)
SYN-5014 WARNING: the net's pin: pin "I[1]" in ../../DJS130_DKP.v(316)
SYN-5013 WARNING: Undriven net: model "DJS130_top" / net "u_DJS130_DKP/r_busy" in ../../DJS130_DKP.v(116)
SYN-5014 WARNING: the net's pin: pin "I[0]" in ../../DJS130_DKP.v(225)
SYN-5013 WARNING: Undriven net: model "DJS130_top" / net "u_DJS130_DKP/r_done" in ../../DJS130_DKP.v(117)
SYN-5014 WARNING: the net's pin: pin "I" in ../../DJS130_DKP.v(225)
SYN-5013 WARNING: Undriven net: model "DJS130_top" / net "u_ZZB/DMkt[15]" in ../../DJS130_logisim/ZZB.v(286)
SYN-5014 WARNING: the net's pin: pin "i0" in ../../DJS130_logisim/ZZB.v(813)
SYN-5013 WARNING: Undriven net: model "DJS130_top" / net "u_ZZB/DMkt[11]" in ../../DJS130_logisim/ZZB.v(286)
SYN-5014 WARNING: the net's pin: pin "i0" in ../../DJS130_logisim/ZZB.v(813)
SYN-5013 WARNING: Undriven net: model "DJS130_top" / net "u_ZZB/DMkt[10]" in ../../DJS130_logisim/ZZB.v(286)
SYN-5014 WARNING: the net's pin: pin "i0" in ../../DJS130_logisim/ZZB.v(813)
SYN-5013 WARNING: Undriven net: model "DJS130_top" / net "u_ZZB/DMkt[9]" in ../../DJS130_logisim/ZZB.v(286)
SYN-5014 WARNING: the net's pin: pin "i0" in ../../DJS130_logisim/ZZB.v(813)
SYN-5013 WARNING: Undriven net: model "DJS130_top" / net "u_ZZB/DMkt[0]" in ../../DJS130_logisim/ZZB.v(286)
SYN-5014 WARNING: the net's pin: pin "i0" in ../../DJS130_logisim/ZZB.v(813)
SYN-5013 WARNING: Undriven net: model "DJS130_top" / net "u_ZZB/i_dev10_ZT[0]" in ../../DJS130_logisim/ZZB.v(45)
SYN-5014 WARNING: the net's pin: pin "I[0]" in ../../DJS130_logisim/RC.v(396)
SYN-5013 WARNING: Undriven net: model "DJS130_top" / net "u_ZZB/i_dev11_SC[0]" in ../../DJS130_logisim/ZZB.v(28)
SYN-5014 WARNING: the net's pin: pin "I[1]" in ../../DJS130_logisim/RC.v(391)
SYN-5013 WARNING: Undriven net: model "DJS130_top" / net "u_ZZB/i_dev14_SC[0]" in ../../DJS130_logisim/ZZB.v(37)
SYN-5014 WARNING: the net's pin: pin "I[1]" in ../../DJS130_logisim/RC.v(391)
SYN-5013 WARNING: Undriven net: model "DJS130_top" / net "u_ZZB/i_dev14_ZT[0]" in ../../DJS130_logisim/ZZB.v(49)
SYN-5014 WARNING: the net's pin: pin "I[0]" in ../../DJS130_logisim/RC.v(400)
SYN-5013 WARNING: Undriven net: model "DJS130_top" / net "u_ZZB/i_dev15_SC[0]" in ../../DJS130_logisim/ZZB.v(40)
SYN-5014 WARNING: the net's pin: pin "I[1]" in ../../DJS130_logisim/RC.v(391)
SYN-5013 WARNING: Undriven net: model "DJS130_top" / net "u_ZZB/i_dev15_ZT[0]" in ../../DJS130_logisim/ZZB.v(50)
SYN-5014 WARNING: the net's pin: pin "I[0]" in ../../DJS130_logisim/RC.v(401)
SYN-5013 WARNING: Undriven net: model "DJS130_top" / net "u_ZZB/i_dev7_ZT[0]" in ../../DJS130_logisim/ZZB.v(42)
SYN-5014 WARNING: the net's pin: pin "I[0]" in ../../DJS130_logisim/RC.v(393)
SYN-5013 WARNING: Undriven net: model "DJS130_top" / net "u_ZZB/i_con_DZL" in ../../DJS130_logisim/ZZB.v(11)
SYN-5014 WARNING: the net's pin: pin "d" in ../../DJS130_logisim/KT.v(114)
SYN-5013 WARNING: Undriven net: model "DJS130_top" / net "u_ZZB/i_con_TJ" in ../../DJS130_logisim/ZZB.v(8)
SYN-5014 WARNING: the net's pin: pin "I[0]" in ../../DJS130_logisim/ZZB.v(894)
SYN-5013 WARNING: Undriven net: model "DJS130_top" / net "u_ZZB/i_con_YD" in ../../DJS130_logisim/ZZB.v(10)
SYN-5014 WARNING: the net's pin: pin "I[0]" in ../../DJS130_logisim/KT.v(134)
SYN-5013 WARNING: Undriven net: model "DJS130_top" / net "u_ZZB/i_dev10_ZDQQ" in ../../DJS130_logisim/ZZB.v(26)
SYN-5014 WARNING: the net's pin: pin "I[0]" in ../../DJS130_logisim/RC.v(308)
SYN-5013 WARNING: Undriven net: model "DJS130_top" / net "u_ZZB/i_dev11_ZDQQ" in ../../DJS130_logisim/ZZB.v(29)
SYN-5014 WARNING: the net's pin: pin "I[0]" in ../../DJS130_logisim/RC.v(308)
SYN-5013 WARNING: Undriven net: model "DJS130_top" / net "u_ZZB/i_dev12_ZDQQ" in ../../DJS130_logisim/ZZB.v(32)
SYN-5014 WARNING: the net's pin: pin "I[0]" in ../../DJS130_logisim/RC.v(308)
SYN-5013 WARNING: Undriven net: model "DJS130_top" / net "u_ZZB/i_dev13_ZDQQ" in ../../DJS130_logisim/ZZB.v(35)
SYN-5014 WARNING: the net's pin: pin "I[0]" in ../../DJS130_logisim/RC.v(308)
SYN-5013 WARNING: Undriven net: model "DJS130_top" / net "u_ZZB/i_dev14_ZDQQ" in ../../DJS130_logisim/ZZB.v(38)
SYN-5014 WARNING: the net's pin: pin "I[0]" in ../../DJS130_logisim/RC.v(308)
SYN-5013 WARNING: Undriven net: model "DJS130_top" / net "u_ZZB/i_dev15_ZDQQ" in ../../DJS130_logisim/ZZB.v(41)
SYN-5014 WARNING: the net's pin: pin "I[0]" in ../../DJS130_logisim/RC.v(308)
SYN-5013 WARNING: Undriven net: model "DJS130_top" / net "u_ZZB/i_dev7_ZDQQ" in ../../DJS130_logisim/ZZB.v(15)
SYN-5014 WARNING: the net's pin: pin "I[0]" in ../../DJS130_logisim/RC.v(308)
SYN-5013 WARNING: Undriven net: model "DJS130_top" / net "u_ZZB/i_dev8_ZDQQ" in ../../DJS130_logisim/ZZB.v(20)
SYN-5014 WARNING: the net's pin: pin "I[0]" in ../../DJS130_logisim/RC.v(308)
SYN-5013 WARNING: Undriven net: model "DJS130_top" / net "u_ZZB/i_dev9_ZDQQ" in ../../DJS130_logisim/ZZB.v(23)
SYN-5014 WARNING: the net's pin: pin "I[0]" in ../../DJS130_logisim/RC.v(308)
SYN-5013 WARNING: Undriven net: model "DJS130_top" / net "u_ZZB/u_KT/i_con_QDZ" in ../../DJS130_logisim/KT.v(21)
SYN-5014 WARNING: the net's pin: pin "I[1]" in ../../DJS130_logisim/KT.v(134)
SYN-5014 WARNING: the net's pin: pin "I[1]" in ../../DJS130_logisim/KT.v(146)
SYN-5013 WARNING: Undriven net: model "DJS130_top" / net "u_ZZB/u_RC/i_dev10_DMs[0]" in ../../DJS130_logisim/RC.v(37)
SYN-5014 WARNING: the net's pin: pin "I[1]" in ../../DJS130_logisim/RC.v(377)
SYN-5013 WARNING: Undriven net: model "DJS130_top" / net "u_ZZB/u_RC/i_dev11_DMs[5]" in ../../DJS130_logisim/RC.v(40)
SYN-5014 WARNING: the net's pin: pin "i1[5]" in ../../DJS130_logisim/RC.v(92)
SYN-5013 WARNING: Undriven net: model "DJS130_top" / net "u_ZZB/u_RC/i_dev11_DMs[4]" in ../../DJS130_logisim/RC.v(40)
SYN-5014 WARNING: the net's pin: pin "i1[4]" in ../../DJS130_logisim/RC.v(92)
SYN-5013 WARNING: Undriven net: model "DJS130_top" / net "u_ZZB/u_RC/i_dev11_DMs[3]" in ../../DJS130_logisim/RC.v(40)
SYN-5014 WARNING: the net's pin: pin "i1[3]" in ../../DJS130_logisim/RC.v(92)
SYN-5013 WARNING: Undriven net: model "DJS130_top" / net "u_ZZB/u_RC/i_dev11_DMs[2]" in ../../DJS130_logisim/RC.v(40)
SYN-5014 WARNING: the net's pin: pin "i1[2]" in ../../DJS130_logisim/RC.v(92)
SYN-5013 WARNING: Undriven net: model "DJS130_top" / net "u_ZZB/u_RC/i_dev11_DMs[1]" in ../../DJS130_logisim/RC.v(40)
SYN-5014 WARNING: the net's pin: pin "i1[1]" in ../../DJS130_logisim/RC.v(92)
SYN-5013 WARNING: Undriven net: model "DJS130_top" / net "u_ZZB/u_RC/i_dev11_DMs[0]" in ../../DJS130_logisim/RC.v(40)
SYN-5014 WARNING: the net's pin: pin "i1[0]" in ../../DJS130_logisim/RC.v(92)
SYN-5014 WARNING: the net's pin: pin "I[1]" in ../../DJS130_logisim/RC.v(377)
SYN-5013 WARNING: Undriven net: model "DJS130_top" / net "u_ZZB/u_RC/i_dev12_DMs[0]" in ../../DJS130_logisim/RC.v(43)
SYN-5014 WARNING: the net's pin: pin "I[1]" in ../../DJS130_logisim/RC.v(377)
SYN-5013 WARNING: Undriven net: model "DJS130_top" / net "u_ZZB/u_RC/i_dev13_DMs[0]" in ../../DJS130_logisim/RC.v(46)
SYN-5014 WARNING: the net's pin: pin "I[1]" in ../../DJS130_logisim/RC.v(377)
SYN-5013 WARNING: Undriven net: model "DJS130_top" / net "u_ZZB/u_RC/i_dev8_DMs[0]" in ../../DJS130_logisim/RC.v(31)
SYN-5014 WARNING: the net's pin: pin "I[1]" in ../../DJS130_logisim/RC.v(377)
SYN-5013 WARNING: Undriven net: model "DJS130_top" / net "u_ZZB/u_RC/i_dev9_DMs[0]" in ../../DJS130_logisim/RC.v(34)
SYN-5014 WARNING: the net's pin: pin "I[1]" in ../../DJS130_logisim/RC.v(377)
SYN-5013 WARNING: Undriven net: model "DJS130_top" / net "u_ZZB/u_YXZT/i_NC[0]" in ../../DJS130_logisim/YXZT.v(22)
SYN-5014 WARNING: the net's pin: pin "I[1]" in ../../DJS130_logisim/YXZT.v(59)
SYN-5025 WARNING: Using 0 for all undriven pins and nets
SYN-1032 : 4384/57 useful/useless nets, 3961/97 useful/useless insts
SYN-1014 : Optimize round 1
SYN-1032 : 4382/1 useful/useless nets, 3960/0 useful/useless insts
SYN-1017 : Remove 15 const input seq instances
SYN-1002 :     u_TTO_TOP/u_DJS130_gdu/u_tinygdu/reg0_syn_12
SYN-1002 :     u_ZZB/u_KT/r_DZL_reg
SYN-1002 :     u_ZZB/u_KT/r_KTQQ_reg
SYN-1002 :     u_ZZB/u_KT/r_TBtj_reg
SYN-1002 :     u_ZZB/u_RC/r_ZDQQ_x_reg
SYN-1002 :     u_ZZB/u_RC/reg1_syn_2
SYN-1002 :     u_ZZB/u_RC/reg1_syn_3
SYN-1002 :     u_ZZB/u_RC/reg1_syn_4
SYN-1002 :     u_ZZB/u_RC/reg1_syn_5
SYN-1002 :     u_ZZB/u_RC/reg1_syn_6
SYN-1002 :     u_ZZB/u_RC/reg1_syn_7
SYN-1002 :     u_ZZB/u_RC/reg1_syn_8
SYN-1002 :     u_ZZB/u_RC/reg1_syn_9
SYN-1002 :     u_ZZB/u_RC/reg1_syn_10
SYN-1002 :     u_ZZB/u_RC/r_ZDQQ_reg
SYN-1018 : Transformed 2 mux instances.
SYN-1019 : Optimized 66 mux instances.
SYN-1021 : Optimized 9 onehot mux instances.
SYN-1020 : Optimized 98 distributor mux.
SYN-1001 : Optimize 5 less-than instances
SYN-1019 : Optimized 132 mux instances.
SYN-1016 : Merged 349 instances.
SYN-1015 : Optimize round 1, 1804 better
SYN-1014 : Optimize round 2
SYN-1044 : Optimized 1 inv instances.
SYN-1032 : 3613/13 useful/useless nets, 3206/205 useful/useless insts
SYN-1017 : Remove 58 const input seq instances
SYN-1002 :     u_DJS130_DKP/reg13_syn_2
SYN-1002 :     u_DJS130_DKP/u_spi_flash/u_flash_dri/u_flash_fast_read/reg6_syn_2
SYN-1002 :     u_DJS130_DKP/u_spi_flash/u_flash_dri/u_flash_id/reg5_syn_2
SYN-1002 :     u_DJS130_DKP/u_spi_flash/u_flash_dri/u_flash_write_enable/reg3_syn_2
SYN-1002 :     u_ZZB/reg0_syn_5
SYN-1002 :     u_ZZB/reg0_syn_7
SYN-1002 :     u_DJS130_DKP/u_spi_flash/u_flash_dri/u_flash_fast_read/reg6_syn_3
SYN-1002 :     u_DJS130_DKP/u_spi_flash/u_flash_dri/u_flash_id/reg5_syn_3
SYN-1002 :     u_ZZB/u_YXZT/r_ZDZT_reg
SYN-1002 :     u_ZZB/u_YXZT/r_KTZT_reg
SYN-1002 :     u_DJS130_DKP/u_spi_flash/u_flash_dri/u_flash_fast_read/reg6_syn_4
SYN-1002 :     u_DJS130_DKP/u_spi_flash/u_flash_dri/u_flash_id/reg5_syn_4
SYN-1002 :     u_DJS130_DKP/u_spi_flash/u_flash_dri/u_flash_fast_read/reg6_syn_5
SYN-1002 :     u_DJS130_DKP/u_spi_flash/u_flash_dri/u_flash_id/reg5_syn_5
SYN-1002 :     u_DJS130_DKP/u_spi_flash/u_flash_dri/u_flash_fast_read/reg6_syn_6
SYN-1002 :     u_DJS130_DKP/u_spi_flash/u_flash_dri/u_flash_id/reg5_syn_6
SYN-1002 :     u_DJS130_DKP/u_spi_flash/u_flash_dri/u_flash_fast_read/reg6_syn_7
SYN-1002 :     u_DJS130_DKP/u_spi_flash/u_flash_dri/u_flash_id/reg5_syn_7
SYN-1002 :     u_DJS130_DKP/u_spi_flash/u_flash_dri/u_flash_fast_read/reg6_syn_8
SYN-1002 :     u_DJS130_DKP/u_spi_flash/u_flash_dri/u_flash_id/reg5_syn_8
SYN-1002 :     u_DJS130_DKP/u_spi_flash/u_flash_dri/u_flash_fast_read/reg6_syn_9
SYN-1002 :     u_DJS130_DKP/u_spi_flash/u_flash_dri/u_flash_id/reg5_syn_9
SYN-1002 :     u_DJS130_DKP/u_spi_flash/u_flash_dri/u_flash_fast_read/reg6_syn_10
SYN-1002 :     u_DJS130_DKP/u_spi_flash/u_flash_dri/u_flash_id/reg5_syn_10
SYN-1002 :     u_DJS130_DKP/u_spi_flash/u_flash_dri/u_flash_fast_read/reg6_syn_11
SYN-1002 :     u_DJS130_DKP/u_spi_flash/u_flash_dri/u_flash_id/reg5_syn_11
SYN-1002 :     u_DJS130_DKP/u_spi_flash/u_flash_dri/u_flash_fast_read/reg6_syn_12
SYN-1002 :     u_DJS130_DKP/u_spi_flash/u_flash_dri/u_flash_id/reg5_syn_12
SYN-1002 :     u_DJS130_DKP/u_spi_flash/u_flash_dri/u_flash_fast_read/reg6_syn_13
SYN-1002 :     u_DJS130_DKP/u_spi_flash/u_flash_dri/u_flash_id/reg5_syn_13
SYN-1002 :     u_DJS130_DKP/u_spi_flash/u_flash_dri/u_flash_fast_read/reg6_syn_14
SYN-1002 :     u_DJS130_DKP/u_spi_flash/u_flash_dri/u_flash_id/reg5_syn_14
SYN-1002 :     u_DJS130_DKP/u_spi_flash/u_flash_dri/u_flash_fast_read/reg6_syn_15
SYN-1002 :     u_DJS130_DKP/u_spi_flash/u_flash_dri/u_flash_id/reg5_syn_15
SYN-1002 :     u_DJS130_DKP/u_spi_flash/u_flash_dri/u_flash_fast_read/reg6_syn_16
SYN-1002 :     u_DJS130_DKP/u_spi_flash/u_flash_dri/u_flash_id/reg5_syn_16
SYN-1002 :     u_DJS130_DKP/u_spi_flash/u_flash_dri/u_flash_fast_read/reg6_syn_17
SYN-1002 :     u_DJS130_DKP/u_spi_flash/u_flash_dri/u_flash_id/reg5_syn_17
SYN-1002 :     u_DJS130_DKP/u_spi_flash/u_flash_dri/u_flash_fast_read/reg6_syn_18
SYN-1002 :     u_DJS130_DKP/u_spi_flash/u_flash_dri/u_flash_id/reg5_syn_18
SYN-1002 :     u_DJS130_DKP/u_spi_flash/u_flash_dri/u_flash_fast_read/reg6_syn_19
SYN-1002 :     u_DJS130_DKP/u_spi_flash/u_flash_dri/u_flash_id/reg5_syn_19
SYN-1002 :     u_DJS130_DKP/u_spi_flash/u_flash_dri/u_flash_fast_read/reg6_syn_20
SYN-1002 :     u_DJS130_DKP/u_spi_flash/u_flash_dri/u_flash_id/reg5_syn_20
SYN-1002 :     u_DJS130_DKP/u_spi_flash/u_flash_dri/u_flash_fast_read/reg6_syn_21
SYN-1002 :     u_DJS130_DKP/u_spi_flash/u_flash_dri/u_flash_id/reg5_syn_21
SYN-1002 :     u_DJS130_DKP/u_spi_flash/u_flash_dri/u_flash_fast_read/reg6_syn_22
SYN-1002 :     u_DJS130_DKP/u_spi_flash/u_flash_dri/u_flash_id/reg5_syn_22
SYN-1002 :     u_DJS130_DKP/u_spi_flash/u_flash_dri/u_flash_fast_read/reg6_syn_23
SYN-1002 :     u_DJS130_DKP/u_spi_flash/u_flash_dri/u_flash_id/reg5_syn_23
SYN-1002 :     u_DJS130_DKP/u_spi_flash/u_flash_dri/u_flash_fast_read/reg6_syn_24
SYN-1002 :     u_DJS130_DKP/u_spi_flash/u_flash_dri/u_flash_id/reg5_syn_24
SYN-1002 :     u_DJS130_DKP/u_spi_flash/u_flash_dri/u_flash_fast_read/reg6_syn_25
SYN-1002 :     u_DJS130_DKP/u_spi_flash/u_flash_dri/u_flash_id/reg5_syn_25
SYN-1002 :     u_DJS130_DKP/u_spi_flash/u_flash_dri/u_flash_id/reg5_syn_26
SYN-1002 :     u_DJS130_DKP/u_spi_flash/u_flash_dri/u_flash_id/reg5_syn_27
SYN-1002 :     u_DJS130_DKP/u_spi_flash/u_flash_dri/u_flash_id/reg5_syn_28
SYN-1002 :     u_DJS130_DKP/u_spi_flash/u_flash_dri/u_flash_id/reg5_syn_29
SYN-1019 : Optimized 1 mux instances.
SYN-1020 : Optimized 1 distributor mux.
SYN-1016 : Merged 3 instances.
SYN-1015 : Optimize round 2, 332 better
SYN-1032 : 3528/6 useful/useless nets, 3121/18 useful/useless insts
SYN-3004 : Optimized 8 const0 DFF(s)
SYN-3004 : Optimized 33 const0 DFF(s)
SYN-3004 : Optimized 1 const0 DFF(s)
SYN-1032 : 3446/82 useful/useless nets, 3039/40 useful/useless insts
SYN-1014 : Optimize round 1
SYN-1032 : 3383/17 useful/useless nets, 2976/21 useful/useless insts
SYN-1017 : Remove 4 const input seq instances
SYN-1002 :     u_ZZB/reg0_syn_2
SYN-1002 :     u_ZZB/reg0_syn_6
SYN-1002 :     u_ZZB/u_YXZT/r_QZZT_reg
SYN-1002 :     u_ZZB/u_YXZT/r_STDZT_reg
SYN-1019 : Optimized 17 mux instances.
SYN-1020 : Optimized 11 distributor mux.
SYN-1016 : Merged 32 instances.
SYN-1015 : Optimize round 1, 235 better
SYN-1014 : Optimize round 2
SYN-1032 : 2967/124 useful/useless nets, 2560/194 useful/useless insts
SYN-1017 : Remove 1 const input seq instances
SYN-1002 :     u_ZZB/r_DRJz_reg
SYN-1019 : Optimized 2 mux instances.
SYN-1016 : Merged 64 instances.
SYN-1015 : Optimize round 2, 589 better
SYN-1014 : Optimize round 3
SYN-1032 : 2441/65 useful/useless nets, 2036/99 useful/useless insts
SYN-1017 : Remove 6 const input seq instances
SYN-1002 :     u_ZZB/r_DRL0_reg
SYN-1002 :     u_ZZB/r_DRL1_reg
SYN-1002 :     u_ZZB/r_DRL2_reg
SYN-1002 :     u_ZZB/r_DRL3_reg
SYN-1002 :     u_ZZB/reg0_syn_4
SYN-1002 :     u_ZZB/u_YXZT/r_ZXZT_reg
SYN-1019 : Optimized 33 mux instances.
SYN-1016 : Merged 441 instances.
SYN-1015 : Optimize round 3, 1135 better
SYN-1014 : Optimize round 4
SYN-1032 : 1479/405 useful/useless nets, 1206/265 useful/useless insts
SYN-1019 : Optimized 16 mux instances.
SYN-1020 : Optimized 1 distributor mux.
SYN-1016 : Merged 3 instances.
SYN-1015 : Optimize round 4, 670 better
SYN-1014 : Optimize round 5
SYN-1032 : 1447/3 useful/useless nets, 1180/2 useful/useless insts
SYN-1017 : Remove 1 const input seq instances
SYN-1002 :     u_TTO_TOP/u_DJS130_gdu/u_DJS130_TTO/r_LINE_FEED_reg
SYN-1019 : Optimized 25 mux instances.
SYN-1015 : Optimize round 5, 32 better
SYN-1014 : Optimize round 6
SYN-1032 : 1419/1 useful/useless nets, 1152/2 useful/useless insts
SYN-1015 : Optimize round 6, 3 better
SYN-1014 : Optimize round 7
SYN-1015 : Optimize round 7, 0 better
RUN-1003 : finish command "optimize_rtl" in  2.728811s wall, 2.484375s user + 0.250000s system = 2.734375s CPU (100.2%)

RUN-1004 : used memory is 130 MB, reserved memory is 104 MB, peak memory is 132 MB
RUN-1002 : start command "report_area -file DJS130_final_rtl.area"
RUN-1001 : standard
***Report Model: DJS130_top Device: EG4S20BG256***

IO Statistics
#IO                        46
  #input                   15
  #output                  31
  #inout                    0

Gate Statistics
#Basic gates              760
  #and                     73
  #nand                     0
  #or                      12
  #nor                      0
  #xor                      0
  #xnor                     0
  #buf                      0
  #not                     38
  #bufif1                   0
  #MX21                    33
  #FADD                     0
  #DFF                    604
  #LATCH                    0
#MACRO_ADD                 34
#MACRO_EQ                  36
#MACRO_MULT                 1
#MACRO_MUX                313
#MACRO_OTHERS               4

Report Hierarchy Area:
+-------------------------------------------------------------------------+
|Instance                     |Module             |gates  |seq    |macros |
+-------------------------------------------------------------------------+
|top                          |DJS130_top         |156    |604    |75     |
|  u_DJS130_DKP               |DJS130_DKP         |64     |498    |48     |
|    u_spi_flash              |SPI_flash          |46     |430    |36     |
|      u_flash_dri            |flash_dri          |45     |428    |36     |
|        u_flash_erase        |flash_erase        |3      |32     |3      |
|        u_flash_fast_read    |flash_fast_read    |3      |76     |3      |
|        u_flash_id           |flash_id           |3      |28     |3      |
|        u_flash_read         |flash_read         |3      |56     |3      |
|        u_flash_sector_erase |flash_sector_erase |3      |56     |3      |
|        u_flash_wait_free    |flash_wait_free    |8      |80     |7      |
|        u_flash_write        |flash_write        |3      |56     |3      |
|        u_flash_write_enable |flash_write_enable |3      |31     |3      |
|  u_PLL                      |PLL                |0      |0      |1      |
|  u_TTO_TOP                  |TTO_TOP            |33     |48     |23     |
|    u_DJS130_gdu             |DJS130_gdu         |33     |48     |23     |
|      u_DJS130_TTO           |DJS130_TTO         |13     |23     |3      |
|      u_FROM_2               |VRAM_2             |0      |0      |1      |
|      u_PLL0                 |PLL0               |0      |0      |1      |
|      u_VRAM_3               |VRAM_3             |0      |0      |1      |
|      u_tinygdu              |tinygdu            |16     |22     |15     |
|  u_ZZB                      |ZZB                |59     |58     |3      |
|    u_MCQ                    |MCQ                |9      |7      |0      |
|    u_RC                     |RC                 |0      |1      |0      |
|    u_YSQ                    |YSQ                |16     |16     |2      |
|    u_YXZT                   |YXZT               |16     |29     |0      |
+-------------------------------------------------------------------------+

RUN-1002 : start command "export_db DJS130_final_rtl.db"
RUN-1001 : Exported /
RUN-1001 : Exported flow parameters
RUN-1001 : Exported libs
RUN-1001 : Exported entities
RUN-1001 : Exported ports
RUN-1001 : Exported pins
RUN-1001 : Exported instances
RUN-1001 : Exported nets
RUN-1001 : Exported buses
RUN-1001 : Exported models
RUN-1001 : Exported congestions
RUN-1001 : Exported violations
RUN-1001 : Exported IO constraints
RUN-1001 : Exported Inst constraints
RUN-1002 : start command "backup_run_log run.log ../.logs/syn_1/td_20241112_172928.log"
RUN-1001 : Backing up run's log file succeed.
